<?xml version="1.0" encoding="UTF-8"?>
<!-- Generated by org.testng.reporters.JUnitReportReporter -->
<testsuite hostname="LAPTOP-VBMV830E" failures="0" tests="1" name="com.guru99.tests.loginTests" time="1.739" errors="0" timestamp="2024-05-09T01:03:50 IST" skipped="0">
  <testcase classname="com.guru99.tests.loginTests" name="verifyUserLoginWithCorrectCredentials" time="1.739"/>
</testsuite> <!-- com.guru99.tests.loginTests -->
